<?xml version="1.0" encoding="UTF-8"?>
<testng-results skipped="1" failed="0" total="1" passed="0">
  <reporter-output>
  </reporter-output>
  <suite name="Default suite" duration-ms="175" started-at="2020-04-23T17:38:02Z" finished-at="2020-04-23T17:38:02Z">
    <groups>
    </groups>
    <test name="Default test" duration-ms="175" started-at="2020-04-23T17:38:02Z" finished-at="2020-04-23T17:38:02Z">
      <class name="Academy.HomePage">
        <test-method status="FAIL" signature="initializedriverBrowser()[pri:0, instance:Academy.HomePage@19bb089b]" name="initializedriverBrowser" is-config="true" duration-ms="0" started-at="2020-04-23T23:08:02Z" finished-at="2020-04-23T23:08:02Z">
          <exception class="java.lang.NullPointerException">
            <full-stacktrace>
              <![CDATA[java.lang.NullPointerException
	at resources.Base.initializedDriver(Base.java:22)
	at Academy.HomePage.initializedriverBrowser(HomePage.java:24)
	at sun.reflect.NativeMethodAccessorImpl.invoke0(Native Method)
	at sun.reflect.NativeMethodAccessorImpl.invoke(NativeMethodAccessorImpl.java:62)
	at sun.reflect.DelegatingMethodAccessorImpl.invoke(DelegatingMethodAccessorImpl.java:43)
	at java.lang.reflect.Method.invoke(Method.java:498)
	at org.testng.internal.MethodInvocationHelper.invokeMethod(MethodInvocationHelper.java:86)
	at org.testng.internal.Invoker.invokeConfigurationMethod(Invoker.java:514)
	at org.testng.internal.Invoker.invokeConfigurations(Invoker.java:215)
	at org.testng.internal.Invoker.invokeConfigurations(Invoker.java:142)
	at org.testng.TestRunner.beforeRun(TestRunner.java:656)
	at org.testng.TestRunner.run(TestRunner.java:624)
	at org.testng.SuiteRunner.runTest(SuiteRunner.java:366)
	at org.testng.SuiteRunner.runSequentially(SuiteRunner.java:361)
	at org.testng.SuiteRunner.privateRun(SuiteRunner.java:319)
	at org.testng.SuiteRunner.run(SuiteRunner.java:268)
	at org.testng.SuiteRunnerWorker.runSuite(SuiteRunnerWorker.java:52)
	at org.testng.SuiteRunnerWorker.run(SuiteRunnerWorker.java:86)
	at org.testng.TestNG.runSuitesSequentially(TestNG.java:1244)
	at org.testng.TestNG.runSuitesLocally(TestNG.java:1169)
	at org.testng.TestNG.run(TestNG.java:1064)
	at org.testng.remote.RemoteTestNG.run(RemoteTestNG.java:113)
	at org.testng.remote.RemoteTestNG.initAndRun(RemoteTestNG.java:206)
	at org.testng.remote.RemoteTestNG.main(RemoteTestNG.java:177)
]]>
            </full-stacktrace>
          </exception> <!-- java.lang.NullPointerException -->
          <reporter-output>
          </reporter-output>
        </test-method> <!-- initializedriverBrowser -->
        <test-method status="SKIP" signature="basePageNavigation(java.lang.String, java.lang.String)[pri:0, instance:Academy.HomePage@19bb089b]" name="basePageNavigation" duration-ms="0" started-at="2020-04-23T23:08:02Z" data-provider="getData" finished-at="2020-04-23T23:08:02Z">
          <params>
            <param index="0">
              <value>
                <![CDATA[rakesh.kumar@rediff.com]]>
              </value>
            </param>
            <param index="1">
              <value>
                <![CDATA[12345]]>
              </value>
            </param>
          </params>
          <reporter-output>
          </reporter-output>
        </test-method> <!-- basePageNavigation -->
        <test-method status="SKIP" signature="closeBrowser()[pri:0, instance:Academy.HomePage@19bb089b]" name="closeBrowser" is-config="true" duration-ms="0" started-at="2020-04-23T23:08:02Z" finished-at="2020-04-23T23:08:02Z">
          <reporter-output>
          </reporter-output>
        </test-method> <!-- closeBrowser -->
      </class> <!-- Academy.HomePage -->
    </test> <!-- Default test -->
  </suite> <!-- Default suite -->
</testng-results>
