<?xml version="1.0" encoding="UTF-8"?>
<!-- Generated by org.testng.reporters.JUnitXMLReporter -->
<testsuite hostname="QT-INBG-LT0454" name="menubar" tests="1" failures="1" timestamp="20 Apr 2020 11:32:04 GMT" time="0.004" errors="0">
  <testcase name="@BeforeTest initialize" time="0.0" classname="Academy.ValidateNavBar">
    <failure type="java.lang.NullPointerException">
      <![CDATA[java.lang.NullPointerException
	at resources.Base.initializedDriver(Base.java:22)
	at Academy.ValidateNavBar.initialize(ValidateNavBar.java:28)
... Removed 22 stack frames]]>
    </failure>
  </testcase> <!-- @BeforeTest initialize -->
  <testcase name="@AfterTest teardown" time="0.0" classname="Academy.ValidateNavBar">
    <skipped/>
  </testcase> <!-- @AfterTest teardown -->
  <testcase name="validateAppNavBar" time="0.0" classname="Academy.ValidateNavBar">
    <failure type="java.lang.NullPointerException">
      <![CDATA[java.lang.NullPointerException
	at pageObjects.LandingPage.getNavigationBar(LandingPage.java:28)
	at Academy.ValidateNavBar.validateAppNavBar(ValidateNavBar.java:57)
... Removed 24 stack frames]]>
    </failure>
  </testcase> <!-- validateAppNavBar -->
</testsuite> <!-- menubar -->
