<?xml version="1.0" encoding="UTF-8"?>
<!-- Generated by org.testng.reporters.JUnitXMLReporter -->
<testsuite hostname="QT-INBG-LT0454" name="test login " tests="1" failures="1" timestamp="20 Apr 2020 11:32:04 GMT" time="0.035" errors="0">
  <testcase name="@BeforeTest initializedriverBrowser" time="0.0" classname="Academy.HomePage">
    <failure type="java.lang.NullPointerException">
      <![CDATA[java.lang.NullPointerException
	at resources.Base.initializedDriver(Base.java:22)
	at Academy.HomePage.initializedriverBrowser(HomePage.java:24)
... Removed 22 stack frames]]>
    </failure>
  </testcase> <!-- @BeforeTest initializedriverBrowser -->
  <testcase name="@AfterTest closeBrowser" time="0.0" classname="Academy.HomePage">
    <skipped/>
  </testcase> <!-- @AfterTest closeBrowser -->
  <testcase name="basePageNavigation" time="0.006" classname="Academy.HomePage">
    <failure type="java.lang.NullPointerException">
      <![CDATA[java.lang.NullPointerException
	at pageObjects.LandingPage.getLogin(LandingPage.java:23)
	at Academy.HomePage.basePageNavigation(HomePage.java:34)
... Removed 24 stack frames]]>
    </failure>
  </testcase> <!-- basePageNavigation -->
</testsuite> <!-- test login  -->
