<?xml version="1.0" encoding="UTF-8"?>
<!-- Generated by org.testng.reporters.JUnitXMLReporter -->
<testsuite hostname="QT-INBG-LT0454" name="Test" tests="1" failures="0" timestamp="19 Apr 2020 12:04:57 GMT" time="0.031" errors="0">
  <testcase name="@BeforeTest initializedriverBrowser" time="0.0" classname="Academy.HomePage">
    <failure type="java.lang.NullPointerException">
      <![CDATA[java.lang.NullPointerException
	at resources.Base.initializedDriver(Base.java:39)
	at Academy.HomePage.initializedriverBrowser(HomePage.java:24)
... Removed 22 stack frames]]>
    </failure>
  </testcase> <!-- @BeforeTest initializedriverBrowser -->
  <testcase name="@AfterTest closeBrowser" time="0.0" classname="Academy.HomePage">
    <skipped/>
  </testcase> <!-- @AfterTest closeBrowser -->
  <testcase name="basePageNavigation" time="0.0" classname="Academy.HomePage">
    <skipped/>
  </testcase> <!-- basePageNavigation -->
</testsuite> <!-- Test -->
